2021-05-14 17:37:02,574 [restartedMain] INFO  c.c.demo.start.DemoApplication 55 - Starting DemoApplication on SH12125PCW with PID 29004 (D:\demo\target\classes started by dong.chen in D:\demo)
2021-05-14 17:37:02,591 [restartedMain] INFO  c.c.demo.start.DemoApplication 655 - The following profiles are active: dev
2021-05-14 17:37:10,017 [restartedMain] INFO  c.c.demo.start.DemoApplication 61 - Started DemoApplication in 8.588 seconds (JVM running for 9.988)
2021-05-14 17:40:31,969 [main] INFO  com.chendong.demo.core.UserDaoTest 55 - Starting UserDaoTest on SH12125PCW with PID 14236 (started by dong.chen in D:\demo)
2021-05-14 17:40:31,971 [main] INFO  com.chendong.demo.core.UserDaoTest 655 - The following profiles are active: dev
2021-05-14 17:40:37,330 [main] INFO  com.chendong.demo.core.UserDaoTest 61 - Started UserDaoTest in 5.756 seconds (JVM running for 7.061)
2021-05-14 17:42:36,565 [main] INFO  com.chendong.demo.core.UserDaoTest 55 - Starting UserDaoTest on SH12125PCW with PID 18872 (started by dong.chen in D:\demo)
2021-05-14 17:42:36,566 [main] INFO  com.chendong.demo.core.UserDaoTest 655 - The following profiles are active: dev
2021-05-14 17:42:41,023 [main] INFO  com.chendong.demo.core.UserDaoTest 61 - Started UserDaoTest in 4.823 seconds (JVM running for 6.168)
2021-05-14 17:42:42,098 [main] INFO  com.chendong.demo.core.UserDaoTest 37 - user->{}
2021-05-14 17:44:40,974 [main] INFO  com.chendong.demo.core.UserDaoTest 55 - Starting UserDaoTest on SH12125PCW with PID 18272 (started by dong.chen in D:\demo)
2021-05-14 17:44:40,975 [main] INFO  com.chendong.demo.core.UserDaoTest 655 - The following profiles are active: dev
2021-05-14 17:44:44,348 [main] INFO  com.chendong.demo.core.UserDaoTest 55 - Starting UserDaoTest on SH12125PCW with PID 25376 (started by dong.chen in D:\demo)
2021-05-14 17:44:44,349 [main] INFO  com.chendong.demo.core.UserDaoTest 655 - The following profiles are active: dev
2021-05-14 17:44:49,038 [main] INFO  com.chendong.demo.core.UserDaoTest 61 - Started UserDaoTest in 5.054 seconds (JVM running for 6.753)
2021-05-14 17:44:49,990 [main] INFO  com.chendong.demo.core.UserDaoTest 37 - ================================
2021-05-14 17:44:50,019 [main] INFO  com.chendong.demo.core.UserDaoTest 38 - =========user======->{}
2021-05-14 17:44:50,020 [main] INFO  com.chendong.demo.core.UserDaoTest 39 - ================================
2021-05-14 17:49:14,059 [main] INFO  com.chendong.demo.core.UserDaoTest 55 - Starting UserDaoTest on SH12125PCW with PID 27688 (started by dong.chen in D:\demo)
2021-05-14 17:49:14,060 [main] INFO  com.chendong.demo.core.UserDaoTest 655 - The following profiles are active: dev
2021-05-14 17:49:18,571 [main] INFO  com.chendong.demo.core.UserDaoTest 61 - Started UserDaoTest in 4.939 seconds (JVM running for 6.255)
2021-05-14 17:49:19,643 [main] INFO  com.chendong.demo.core.UserDaoTest 37 - ================================
2021-05-14 17:49:19,673 [main] INFO  com.chendong.demo.core.UserDaoTest 38 - =========user======->{}
2021-05-14 17:49:19,673 [main] INFO  com.chendong.demo.core.UserDaoTest 39 - ================================
2021-05-14 17:55:01,440 [restartedMain] INFO  c.c.demo.start.DemoApplication 55 - Starting DemoApplication on SH12125PCW with PID 14892 (D:\demo\target\classes started by dong.chen in D:\demo)
2021-05-14 17:55:01,443 [restartedMain] INFO  c.c.demo.start.DemoApplication 655 - The following profiles are active: dev
2021-05-14 17:55:05,529 [restartedMain] INFO  c.c.demo.start.DemoApplication 61 - Started DemoApplication in 4.437 seconds (JVM running for 5.542)
2021-05-14 17:56:44,467 [http-nio-9081-exec-10] INFO  c.c.demo.common.aspects.LogAdvice 37 - start: 应用名称：，应用id： application
2021-05-14 17:56:44,467 [http-nio-9081-exec-6] INFO  c.c.demo.common.aspects.LogAdvice 37 - start: 应用名称：，应用id： application
2021-05-14 17:56:44,471 [http-nio-9081-exec-6] INFO  c.c.demo.common.aspects.LogAdvice 46 - end: 应用名称：，应用id： application
2021-05-14 17:56:44,474 [http-nio-9081-exec-10] INFO  c.c.demo.common.aspects.LogAdvice 46 - end: 应用名称：，应用id： application
2021-05-14 17:59:49,631 [restartedMain] INFO  c.c.demo.start.DemoApplication 55 - Starting DemoApplication on SH12125PCW with PID 24592 (D:\demo\target\classes started by dong.chen in D:\demo)
2021-05-14 17:59:49,633 [restartedMain] INFO  c.c.demo.start.DemoApplication 655 - The following profiles are active: dev
2021-05-14 17:59:53,093 [restartedMain] INFO  c.c.demo.start.DemoApplication 61 - Started DemoApplication in 3.843 seconds (JVM running for 4.67)
2021-05-14 18:00:35,489 [http-nio-9081-exec-6] INFO  c.c.demo.common.aspects.LogAdvice 37 - start: 应用名称：，应用id： application
2021-05-14 18:00:35,496 [http-nio-9081-exec-6] INFO  c.c.demo.common.aspects.LogAdvice 46 - end: 应用名称：，应用id： application
2021-05-14 18:00:48,112 [http-nio-9081-exec-8] INFO  c.c.demo.common.aspects.LogAdvice 37 - start: 应用名称：，应用id： application
2021-05-14 18:00:48,113 [http-nio-9081-exec-8] INFO  c.c.demo.common.aspects.LogAdvice 46 - end: 应用名称：，应用id： application
2021-05-14 18:02:39,052 [restartedMain] INFO  c.c.demo.start.DemoApplication 55 - Starting DemoApplication on SH12125PCW with PID 15436 (D:\demo\target\classes started by dong.chen in D:\demo)
2021-05-14 18:02:39,055 [restartedMain] INFO  c.c.demo.start.DemoApplication 655 - The following profiles are active: dev
2021-05-14 18:02:42,873 [restartedMain] INFO  c.c.demo.start.DemoApplication 61 - Started DemoApplication in 12.015 seconds (JVM running for 13.309)
2021-05-14 18:04:31,104 [http-nio-9081-exec-7] INFO  c.c.demo.common.aspects.LogAdvice 37 - start: 应用名称：，应用id： application
2021-05-14 18:04:31,104 [http-nio-9081-exec-10] INFO  c.c.demo.common.aspects.LogAdvice 37 - start: 应用名称：，应用id： application
2021-05-14 18:04:31,108 [http-nio-9081-exec-10] INFO  c.c.demo.common.aspects.LogAdvice 46 - end: 应用名称：，应用id： application
2021-05-14 18:04:31,114 [http-nio-9081-exec-7] INFO  c.c.demo.common.aspects.LogAdvice 46 - end: 应用名称：，应用id： application
2021-05-14 18:07:48,344 [restartedMain] INFO  c.c.demo.start.DemoApplication 55 - Starting DemoApplication on SH12125PCW with PID 19216 (D:\demo\target\classes started by dong.chen in D:\demo)
2021-05-14 18:07:48,347 [restartedMain] INFO  c.c.demo.start.DemoApplication 655 - The following profiles are active: dev
2021-05-14 18:07:51,395 [restartedMain] INFO  c.c.demo.start.DemoApplication 61 - Started DemoApplication in 3.442 seconds (JVM running for 4.409)
2021-05-14 18:08:36,162 [http-nio-9081-exec-8] INFO  c.c.demo.common.aspects.LogAdvice 37 - start: 应用名称：，应用id： application
2021-05-14 18:08:36,162 [http-nio-9081-exec-4] INFO  c.c.demo.common.aspects.LogAdvice 37 - start: 应用名称：，应用id： application
2021-05-14 18:08:36,166 [http-nio-9081-exec-4] INFO  c.c.demo.common.aspects.LogAdvice 46 - end: 应用名称：，应用id： application
2021-05-14 18:08:36,168 [http-nio-9081-exec-8] INFO  c.c.demo.common.aspects.LogAdvice 46 - end: 应用名称：，应用id： application
2021-05-14 18:08:44,171 [http-nio-9081-exec-1] INFO  c.c.demo.controller.IndexController 41 - user - > {}
2021-05-14 18:11:45,719 [restartedMain] INFO  c.c.demo.start.DemoApplication 55 - Starting DemoApplication on SH12125PCW with PID 15796 (D:\demo\target\classes started by dong.chen in D:\demo)
2021-05-14 18:11:45,721 [restartedMain] INFO  c.c.demo.start.DemoApplication 655 - The following profiles are active: dev
2021-05-14 18:11:48,710 [restartedMain] INFO  c.c.demo.start.DemoApplication 61 - Started DemoApplication in 3.353 seconds (JVM running for 4.25)
2021-05-14 18:12:22,770 [http-nio-9081-exec-7] INFO  c.c.demo.common.aspects.LogAdvice 37 - start: 应用名称：，应用id： application
2021-05-14 18:12:22,770 [http-nio-9081-exec-1] INFO  c.c.demo.common.aspects.LogAdvice 37 - start: 应用名称：，应用id： application
2021-05-14 18:12:22,773 [http-nio-9081-exec-1] INFO  c.c.demo.common.aspects.LogAdvice 46 - end: 应用名称：，应用id： application
2021-05-14 18:12:22,777 [http-nio-9081-exec-7] INFO  c.c.demo.common.aspects.LogAdvice 46 - end: 应用名称：，应用id： application
2021-05-14 18:12:29,461 [http-nio-9081-exec-2] INFO  c.c.d.service.impl.UserServiceImpl 24 - user -> {}
2021-05-14 18:12:29,461 [http-nio-9081-exec-2] INFO  c.c.demo.controller.IndexController 41 - user - > {}
2021-05-14 18:15:41,725 [main] INFO  com.chendong.demo.core.UserDaoTest 55 - Starting UserDaoTest on SH12125PCW with PID 15068 (started by dong.chen in D:\demo)
2021-05-14 18:15:41,726 [main] INFO  com.chendong.demo.core.UserDaoTest 655 - The following profiles are active: dev
2021-05-14 18:15:47,394 [main] INFO  com.chendong.demo.core.UserDaoTest 61 - Started UserDaoTest in 6.128 seconds (JVM running for 7.593)
2021-05-14 18:15:48,909 [main] INFO  com.chendong.demo.core.UserDaoTest 37 - ================================
2021-05-14 18:15:48,968 [main] INFO  com.chendong.demo.core.UserDaoTest 38 - =========user======->{}
2021-05-14 18:15:48,968 [main] INFO  com.chendong.demo.core.UserDaoTest 39 - ================================
2021-05-14 18:18:17,565 [main] INFO  com.chendong.demo.core.UserDaoTest 55 - Starting UserDaoTest on SH12125PCW with PID 19004 (started by dong.chen in D:\demo)
2021-05-14 18:18:17,566 [main] INFO  com.chendong.demo.core.UserDaoTest 655 - The following profiles are active: dev
2021-05-14 18:18:22,015 [main] INFO  com.chendong.demo.core.UserDaoTest 61 - Started UserDaoTest in 4.917 seconds (JVM running for 6.053)
2021-05-14 18:18:23,541 [main] INFO  com.chendong.demo.core.UserDaoTest 37 - ================================
2021-05-14 18:18:23,575 [main] INFO  com.chendong.demo.core.UserDaoTest 38 - =========user======->{}
2021-05-14 18:18:23,576 [main] INFO  com.chendong.demo.core.UserDaoTest 39 - ================================
2021-05-14 18:19:13,685 [main] INFO  com.chendong.demo.core.UserDaoTest 55 - Starting UserDaoTest on SH12125PCW with PID 27280 (started by dong.chen in D:\demo)
2021-05-14 18:19:13,686 [main] INFO  com.chendong.demo.core.UserDaoTest 655 - The following profiles are active: dev
2021-05-14 18:19:18,304 [main] INFO  com.chendong.demo.core.UserDaoTest 61 - Started UserDaoTest in 4.962 seconds (JVM running for 6.179)
2021-05-14 18:19:19,365 [main] INFO  com.chendong.demo.core.UserDaoTest 37 - ================================
2021-05-14 18:19:19,394 [main] INFO  com.chendong.demo.core.UserDaoTest 38 - =========user======->{}
2021-05-14 18:19:19,394 [main] INFO  com.chendong.demo.core.UserDaoTest 39 - ================================
2021-05-14 18:20:19,277 [main] INFO  com.chendong.demo.core.UserDaoTest 55 - Starting UserDaoTest on SH12125PCW with PID 17964 (started by dong.chen in D:\demo)
2021-05-14 18:20:19,278 [main] INFO  com.chendong.demo.core.UserDaoTest 655 - The following profiles are active: dev
2021-05-14 18:20:23,801 [main] INFO  com.chendong.demo.core.UserDaoTest 61 - Started UserDaoTest in 4.956 seconds (JVM running for 6.156)
2021-05-14 18:20:24,674 [main] INFO  com.chendong.demo.core.UserDaoTest 37 - ================================
2021-05-14 18:20:24,706 [main] INFO  com.chendong.demo.core.UserDaoTest 38 - =========user======->{}
2021-05-14 18:20:24,706 [main] INFO  com.chendong.demo.core.UserDaoTest 39 - ================================
2021-05-14 18:23:15,694 [main] INFO  com.chendong.demo.core.UserDaoTest 55 - Starting UserDaoTest on SH12125PCW with PID 8788 (started by dong.chen in D:\demo)
2021-05-14 18:23:15,695 [main] INFO  com.chendong.demo.core.UserDaoTest 655 - The following profiles are active: dev
2021-05-14 18:23:21,964 [main] INFO  com.chendong.demo.core.UserDaoTest 61 - Started UserDaoTest in 6.676 seconds (JVM running for 8.11)
2021-05-14 18:23:22,806 [main] INFO  com.chendong.demo.core.UserDaoTest 37 - ================================
2021-05-14 18:23:22,838 [main] INFO  com.chendong.demo.core.UserDaoTest 38 - =========user======->{}
2021-05-14 18:23:22,838 [main] INFO  com.chendong.demo.core.UserDaoTest 39 - ================================
2021-05-14 18:25:35,051 [main] INFO  com.chendong.demo.core.UserDaoTest 55 - Starting UserDaoTest on SH12125PCW with PID 27356 (started by dong.chen in D:\demo)
2021-05-14 18:25:35,052 [main] INFO  com.chendong.demo.core.UserDaoTest 655 - The following profiles are active: dev
2021-05-14 18:25:39,602 [main] INFO  com.chendong.demo.core.UserDaoTest 61 - Started UserDaoTest in 4.912 seconds (JVM running for 6.225)
2021-05-14 18:25:41,391 [main] INFO  com.chendong.demo.core.UserDaoTest 37 - ================================
2021-05-14 18:25:41,422 [main] INFO  com.chendong.demo.core.UserDaoTest 38 - =========user======->{}
2021-05-14 18:25:41,422 [main] INFO  com.chendong.demo.core.UserDaoTest 39 - ================================
2021-05-14 18:28:24,949 [main] INFO  com.chendong.demo.core.UserDaoTest 55 - Starting UserDaoTest on SH12125PCW with PID 15552 (started by dong.chen in D:\demo)
2021-05-14 18:28:24,950 [main] INFO  com.chendong.demo.core.UserDaoTest 655 - The following profiles are active: dev
2021-05-14 18:28:29,494 [main] INFO  com.chendong.demo.core.UserDaoTest 61 - Started UserDaoTest in 4.93 seconds (JVM running for 6.132)
2021-05-14 18:28:30,448 [main] INFO  com.chendong.demo.core.UserDaoTest 37 - ================================
2021-05-14 18:28:30,480 [main] INFO  com.chendong.demo.core.UserDaoTest 38 - =========user======->{}
2021-05-14 18:28:30,480 [main] INFO  com.chendong.demo.core.UserDaoTest 39 - ================================
2021-05-14 18:29:39,442 [main] INFO  com.chendong.demo.core.UserDaoTest 55 - Starting UserDaoTest on SH12125PCW with PID 3108 (started by dong.chen in D:\demo)
2021-05-14 18:29:39,443 [main] INFO  com.chendong.demo.core.UserDaoTest 655 - The following profiles are active: dev
2021-05-14 18:29:53,468 [restartedMain] INFO  c.c.demo.start.DemoApplication 55 - Starting DemoApplication on SH12125PCW with PID 26560 (D:\demo\target\classes started by dong.chen in D:\demo)
2021-05-14 18:29:53,471 [restartedMain] INFO  c.c.demo.start.DemoApplication 655 - The following profiles are active: dev
2021-05-14 18:30:59,673 [restartedMain] INFO  c.c.demo.start.DemoApplication 55 - Starting DemoApplication on SH12125PCW with PID 27472 (D:\demo\target\classes started by dong.chen in D:\demo)
2021-05-14 18:30:59,676 [restartedMain] INFO  c.c.demo.start.DemoApplication 655 - The following profiles are active: dev
2021-05-14 18:31:03,532 [restartedMain] INFO  c.c.demo.start.DemoApplication 61 - Started DemoApplication in 4.299 seconds (JVM running for 5.297)
2021-05-14 18:31:26,115 [http-nio-9081-exec-1] INFO  c.c.demo.common.aspects.LogAdvice 37 - start: 应用名称：，应用id： application
2021-05-14 18:31:26,115 [http-nio-9081-exec-4] INFO  c.c.demo.common.aspects.LogAdvice 37 - start: 应用名称：，应用id： application
2021-05-14 18:31:26,119 [http-nio-9081-exec-4] INFO  c.c.demo.common.aspects.LogAdvice 46 - end: 应用名称：，应用id： application
2021-05-14 18:31:26,124 [http-nio-9081-exec-1] INFO  c.c.demo.common.aspects.LogAdvice 46 - end: 应用名称：，应用id： application
2021-05-14 18:32:24,951 [http-nio-9081-exec-3] INFO  c.c.d.service.impl.UserServiceImpl 24 - user -> {}
2021-05-14 18:32:49,954 [http-nio-9081-exec-3] INFO  c.c.demo.controller.IndexController 41 - user - > {}
2021-05-14 18:33:33,892 [restartedMain] INFO  c.c.demo.start.DemoApplication 55 - Starting DemoApplication on SH12125PCW with PID 29100 (D:\demo\target\classes started by dong.chen in D:\demo)
2021-05-14 18:33:33,894 [restartedMain] INFO  c.c.demo.start.DemoApplication 655 - The following profiles are active: dev
2021-05-14 18:33:37,052 [restartedMain] INFO  c.c.demo.start.DemoApplication 61 - Started DemoApplication in 3.674 seconds (JVM running for 4.579)
2021-05-14 18:33:51,080 [http-nio-9081-exec-4] INFO  c.c.demo.common.aspects.LogAdvice 37 - start: 应用名称：，应用id： application
2021-05-14 18:33:51,080 [http-nio-9081-exec-2] INFO  c.c.demo.common.aspects.LogAdvice 37 - start: 应用名称：，应用id： application
2021-05-14 18:33:51,083 [http-nio-9081-exec-4] INFO  c.c.demo.common.aspects.LogAdvice 46 - end: 应用名称：，应用id： application
2021-05-14 18:33:51,086 [http-nio-9081-exec-2] INFO  c.c.demo.common.aspects.LogAdvice 46 - end: 应用名称：，应用id： application
2021-05-14 18:33:58,487 [http-nio-9081-exec-7] INFO  c.c.d.service.impl.UserServiceImpl 24 - user -> {"name":"Jone","id":1,"age":18,"email":"test1@baomidou.com"}
2021-05-14 18:33:58,487 [http-nio-9081-exec-7] INFO  c.c.demo.controller.IndexController 41 - user - > {"name":"Jone","id":1,"age":18,"email":"test1@baomidou.com"}
